0 info it worked if it ends with ok
1 verbose cli [ 'C:\\Program Files\\nodejs\\node.exe',
1 verbose cli   'C:\\Users\\Administrator\\AppData\\Roaming\\npm\\node_modules\\npm\\bin\\npm-cli.js',
1 verbose cli   'run',
1 verbose cli   'dev' ]
2 info using npm@2.14.7
3 info using node@v5.1.0
4 verbose run-script [ 'predev', 'dev', 'postdev' ]
5 info predev webp@1.0.0
6 info dev webp@1.0.0
7 verbose unsafe-perm in lifecycle true
8 info webp@1.0.0 Failed to exec dev script
9 verbose stack Error: webp@1.0.0 dev: `webpack-dev-server --devtool eval --progress --colors --hot --content-base build`
9 verbose stack Exit status 1
9 verbose stack     at EventEmitter.<anonymous> (C:\Users\Administrator\AppData\Roaming\npm\node_modules\npm\lib\utils\lifecycle.js:214:16)
9 verbose stack     at emitTwo (events.js:87:13)
9 verbose stack     at EventEmitter.emit (events.js:172:7)
9 verbose stack     at ChildProcess.<anonymous> (C:\Users\Administrator\AppData\Roaming\npm\node_modules\npm\lib\utils\spawn.js:24:14)
9 verbose stack     at emitTwo (events.js:87:13)
9 verbose stack     at ChildProcess.emit (events.js:172:7)
9 verbose stack     at maybeClose (internal/child_process.js:818:16)
9 verbose stack     at Process.ChildProcess._handle.onexit (internal/child_process.js:211:5)
10 verbose pkgid webp@1.0.0
11 verbose cwd E:\webp
12 error Windows_NT 6.1.7601
13 error argv "C:\\Program Files\\nodejs\\node.exe" "C:\\Users\\Administrator\\AppData\\Roaming\\npm\\node_modules\\npm\\bin\\npm-cli.js" "run" "dev"
14 error node v5.1.0
15 error npm  v2.14.7
16 error code ELIFECYCLE
17 error webp@1.0.0 dev: `webpack-dev-server --devtool eval --progress --colors --hot --content-base build`
17 error Exit status 1
18 error Failed at the webp@1.0.0 dev script 'webpack-dev-server --devtool eval --progress --colors --hot --content-base build'.
18 error This is most likely a problem with the webp package,
18 error not with npm itself.
18 error Tell the author that this fails on your system:
18 error     webpack-dev-server --devtool eval --progress --colors --hot --content-base build
18 error You can get their info via:
18 error     npm owner ls webp
18 error There is likely additional logging output above.
19 verbose exit [ 1, true ]
